[15-Nov-2024 16:16:21] NOTICE: fpm is running, pid 31579
[15-Nov-2024 16:16:21] NOTICE: ready to handle connections
[15-Nov-2024 18:17:48] NOTICE: Terminating ...
[15-Nov-2024 18:17:48] NOTICE: Terminating ...
[15-Nov-2024 18:17:48] NOTICE: exiting, bye-bye!
[15-Nov-2024 18:18:25] NOTICE: fpm is running, pid 63902
[15-Nov-2024 18:18:25] NOTICE: ready to handle connections
[16-Nov-2024 13:04:21] NOTICE: Terminating ...
[16-Nov-2024 13:04:21] NOTICE: Terminating ...
[16-Nov-2024 13:04:21] NOTICE: exiting, bye-bye!
[16-Nov-2024 13:21:24] NOTICE: fpm is running, pid 92469
[16-Nov-2024 13:21:24] NOTICE: ready to handle connections
[16-Nov-2024 19:23:48] NOTICE: Terminating ...
[16-Nov-2024 19:23:48] NOTICE: Terminating ...
[16-Nov-2024 19:23:48] NOTICE: exiting, bye-bye!
[16-Nov-2024 19:23:51] NOTICE: fpm is running, pid 59899
[16-Nov-2024 19:23:51] NOTICE: ready to handle connections
[17-Nov-2024 09:34:28] NOTICE: Terminating ...
[17-Nov-2024 09:34:28] NOTICE: Terminating ...
[17-Nov-2024 09:34:28] NOTICE: exiting, bye-bye!
[17-Nov-2024 11:31:48] NOTICE: fpm is running, pid 9361
[17-Nov-2024 11:31:48] NOTICE: ready to handle connections
[17-Nov-2024 14:13:31] NOTICE: Terminating ...
[17-Nov-2024 14:13:31] NOTICE: Terminating ...
[17-Nov-2024 14:13:31] NOTICE: exiting, bye-bye!
[17-Nov-2024 14:13:44] NOTICE: fpm is running, pid 59145
[17-Nov-2024 14:13:44] NOTICE: ready to handle connections
[17-Nov-2024 14:21:08] NOTICE: Terminating ...
[17-Nov-2024 14:21:08] NOTICE: Terminating ...
[17-Nov-2024 14:21:08] NOTICE: exiting, bye-bye!
[17-Nov-2024 14:21:24] NOTICE: fpm is running, pid 62062
[17-Nov-2024 14:21:24] NOTICE: ready to handle connections
[18-Nov-2024 19:02:47] NOTICE: Terminating ...
[18-Nov-2024 19:02:47] NOTICE: Terminating ...
[18-Nov-2024 19:02:47] NOTICE: exiting, bye-bye!
[18-Nov-2024 21:41:48] NOTICE: fpm is running, pid 4240
[18-Nov-2024 21:41:48] NOTICE: ready to handle connections
[18-Nov-2024 21:41:59] NOTICE: Terminating ...
[18-Nov-2024 21:41:59] NOTICE: Terminating ...
[18-Nov-2024 21:41:59] NOTICE: exiting, bye-bye!
[18-Nov-2024 21:42:11] NOTICE: fpm is running, pid 4329
[18-Nov-2024 21:42:11] NOTICE: ready to handle connections
[18-Nov-2024 21:42:18] NOTICE: Terminating ...
[18-Nov-2024 21:42:18] NOTICE: Terminating ...
[18-Nov-2024 21:42:18] NOTICE: exiting, bye-bye!
[18-Nov-2024 21:42:24] NOTICE: fpm is running, pid 4377
[18-Nov-2024 21:42:24] NOTICE: ready to handle connections
[23-Nov-2024 13:11:16] NOTICE: Terminating ...
[23-Nov-2024 13:11:16] NOTICE: Terminating ...
[23-Nov-2024 13:11:16] NOTICE: exiting, bye-bye!
[23-Nov-2024 13:41:31] NOTICE: fpm is running, pid 5005
[23-Nov-2024 13:41:31] NOTICE: ready to handle connections
[01-Dec-2024 09:16:08] NOTICE: Terminating ...
[01-Dec-2024 09:16:08] NOTICE: Terminating ...
[01-Dec-2024 09:16:08] NOTICE: exiting, bye-bye!
[01-Dec-2024 11:36:34] NOTICE: fpm is running, pid 3141
[01-Dec-2024 11:36:34] NOTICE: ready to handle connections
[01-Dec-2024 14:31:12] NOTICE: Terminating ...
[01-Dec-2024 14:31:12] NOTICE: Terminating ...
[01-Dec-2024 14:31:12] NOTICE: exiting, bye-bye!
[01-Dec-2024 15:35:06] NOTICE: fpm is running, pid 2543
[01-Dec-2024 15:35:06] NOTICE: ready to handle connections
[03-Dec-2024 13:48:36] NOTICE: Terminating ...
[03-Dec-2024 13:48:36] NOTICE: Terminating ...
[03-Dec-2024 13:48:36] NOTICE: exiting, bye-bye!
[03-Dec-2024 14:17:56] NOTICE: fpm is running, pid 9707
[03-Dec-2024 14:17:56] NOTICE: ready to handle connections
